Determining if the pthread_create exist failed with the following output:
Change Dir: /home/david/Documents/14_rockraiders/src/simulator_motor_driver/velodyne_plugin/build/CMakeFiles/CMakeTmp

Run Build Command:"/usr/bin/make" "cmTC_1c164/fast"
/usr/bin/make -f CMakeFiles/cmTC_1c164.dir/build.make CMakeFiles/cmTC_1c164.dir/build
make[1]: Entering directory '/home/david/Documents/14_rockraiders/src/simulator_motor_driver/velodyne_plugin/build/CMakeFiles/CMakeTmp'
Building C object CMakeFiles/cmTC_1c164.dir/CheckSymbolExists.c.o
/usr/bin/cc     -o CMakeFiles/cmTC_1c164.dir/CheckSymbolExists.c.o   -c /home/david/Documents/14_rockraiders/src/simulator_motor_driver/velodyne_plugin/build/CMakeFiles/CMakeTmp/CheckSymbolExists.c
Linking C executable cmTC_1c164
/usr/bin/cmake -E cmake_link_script CMakeFiles/cmTC_1c164.dir/link.txt --verbose=1
/usr/bin/cc       CMakeFiles/cmTC_1c164.dir/CheckSymbolExists.c.o  -o cmTC_1c164 -rdynamic 
CMakeFiles/cmTC_1c164.dir/CheckSymbolExists.c.o: In function `main':
CheckSymbolExists.c:(.text+0x16): undefined reference to `pthread_create'
collect2: error: ld returned 1 exit status
CMakeFiles/cmTC_1c164.dir/build.make:97: recipe for target 'cmTC_1c164' failed
make[1]: *** [cmTC_1c164] Error 1
make[1]: Leaving directory '/home/david/Documents/14_rockraiders/src/simulator_motor_driver/velodyne_plugin/build/CMakeFiles/CMakeTmp'
Makefile:126: recipe for target 'cmTC_1c164/fast' failed
make: *** [cmTC_1c164/fast] Error 2

File /home/david/Documents/14_rockraiders/src/simulator_motor_driver/velodyne_plugin/build/CMakeFiles/CMakeTmp/CheckSymbolExists.c:
/* */
#include <pthread.h>

int main(int argc, char** argv)
{
  (void)argv;
#ifndef pthread_create
  return ((int*)(&pthread_create))[argc];
#else
  (void)argc;
  return 0;
#endif
}

Determining if the function pthread_create exists in the pthreads failed with the following output:
Change Dir: /home/david/Documents/14_rockraiders/src/simulator_motor_driver/velodyne_plugin/build/CMakeFiles/CMakeTmp

Run Build Command:"/usr/bin/make" "cmTC_64421/fast"
/usr/bin/make -f CMakeFiles/cmTC_64421.dir/build.make CMakeFiles/cmTC_64421.dir/build
make[1]: Entering directory '/home/david/Documents/14_rockraiders/src/simulator_motor_driver/velodyne_plugin/build/CMakeFiles/CMakeTmp'
Building C object CMakeFiles/cmTC_64421.dir/CheckFunctionExists.c.o
/usr/bin/cc    -DCHECK_FUNCTION_EXISTS=pthread_create   -o CMakeFiles/cmTC_64421.dir/CheckFunctionExists.c.o   -c /usr/share/cmake-3.5/Modules/CheckFunctionExists.c
Linking C executable cmTC_64421
/usr/bin/cmake -E cmake_link_script CMakeFiles/cmTC_64421.dir/link.txt --verbose=1
/usr/bin/cc   -DCHECK_FUNCTION_EXISTS=pthread_create    CMakeFiles/cmTC_64421.dir/CheckFunctionExists.c.o  -o cmTC_64421 -rdynamic -lpthreads 
/usr/bin/ld: cannot find -lpthreads
collect2: error: ld returned 1 exit status
CMakeFiles/cmTC_64421.dir/build.make:97: recipe for target 'cmTC_64421' failed
make[1]: *** [cmTC_64421] Error 1
make[1]: Leaving directory '/home/david/Documents/14_rockraiders/src/simulator_motor_driver/velodyne_plugin/build/CMakeFiles/CMakeTmp'
Makefile:126: recipe for target 'cmTC_64421/fast' failed
make: *** [cmTC_64421/fast] Error 2


